0 info it worked if it ends with ok
1 verbose cli [ '/usr/bin/node', '/usr/bin/npm', 'start' ]
2 info using npm@3.5.2
3 info using node@v8.10.0
4 verbose run-script [ 'prestart', 'start', 'poststart' ]
5 info lifecycle rt@0.1.0~prestart: rt@0.1.0
6 silly lifecycle rt@0.1.0~prestart: no script for prestart, continuing
7 info lifecycle rt@0.1.0~start: rt@0.1.0
8 verbose lifecycle rt@0.1.0~start: unsafe-perm in lifecycle true
9 verbose lifecycle rt@0.1.0~start: PATH: /usr/share/npm/bin/node-gyp-bin:/home/saikiran/Desktop/ARMA/A.R.M.A/react/node_modules/.bin:/usr/local/sbin:/usr/local/bin:/usr/sbin:/usr/bin:/sbin:/bin:/usr/games:/usr/local/games:/snap/bin
10 verbose lifecycle rt@0.1.0~start: CWD: /home/saikiran/Desktop/ARMA/A.R.M.A/react
11 silly lifecycle rt@0.1.0~start: Args: [ '-c', 'react-scripts start' ]
12 info lifecycle rt@0.1.0~start: Failed to exec start script
13 verbose stack Error: rt@0.1.0 start: `react-scripts start`
13 verbose stack spawn ENOENT
13 verbose stack     at ChildProcess.<anonymous> (/usr/share/npm/lib/utils/spawn.js:17:16)
13 verbose stack     at emitTwo (events.js:126:13)
13 verbose stack     at ChildProcess.emit (events.js:214:7)
13 verbose stack     at maybeClose (internal/child_process.js:925:16)
13 verbose stack     at Process.ChildProcess._handle.onexit (internal/child_process.js:209:5)
14 verbose pkgid rt@0.1.0
15 verbose cwd /home/saikiran/Desktop/ARMA/A.R.M.A/react/src
16 error Linux 5.3.0-51-generic
17 error argv "/usr/bin/node" "/usr/bin/npm" "start"
18 error node v8.10.0
19 error npm  v3.5.2
20 error file sh
21 error code ELIFECYCLE
22 error errno ENOENT
23 error syscall spawn
24 error rt@0.1.0 start: `react-scripts start`
24 error spawn ENOENT
25 error Failed at the rt@0.1.0 start script 'react-scripts start'.
25 error Make sure you have the latest version of node.js and npm installed.
25 error If you do, this is most likely a problem with the rt package,
25 error not with npm itself.
25 error Tell the author that this fails on your system:
25 error     react-scripts start
25 error You can get information on how to open an issue for this project with:
25 error     npm bugs rt
25 error Or if that isn't available, you can get their info via:
25 error     npm owner ls rt
25 error There is likely additional logging output above.
26 verbose exit [ 1, true ]
